<?xml version="1.0" encoding="UTF-8"?>
<testng-results ignored="0" total="1" passed="1" failed="0" skipped="0">
  <reporter-output>
  </reporter-output>
  <suite started-at="2025-08-18T15:22:15 IST" name="Default suite" finished-at="2025-08-18T15:22:18 IST" duration-ms="3084">
    <groups>
    </groups>
    <test started-at="2025-08-18T15:22:15 IST" name="Default test" finished-at="2025-08-18T15:22:18 IST" duration-ms="3084">
      <class name="Asserts_demo.depend_method">
        <test-method is-config="true" signature="beforeClass()[pri:0, instance:Asserts_demo.depend_method@302552ec]" started-at="2025-08-18T15:22:15 IST" name="beforeClass" finished-at="2025-08-18T15:22:18 IST" duration-ms="2769" status="PASS">
          <reporter-output>
          </reporter-output>
        </test-method> <!-- beforeClass -->
        <test-method signature="title()[pri:0, instance:Asserts_demo.depend_method@302552ec]" started-at="2025-08-18T15:22:18 IST" name="title" finished-at="2025-08-18T15:22:18 IST" duration-ms="76" status="PASS">
          <reporter-output>
          </reporter-output>
        </test-method> <!-- title -->
        <test-method is-config="true" signature="am()[pri:0, instance:Asserts_demo.depend_method@302552ec]" started-at="2025-08-18T15:22:18 IST" name="am" finished-at="2025-08-18T15:22:18 IST" duration-ms="185" status="PASS">
          <reporter-output>
          </reporter-output>
        </test-method> <!-- am -->
      </class> <!-- Asserts_demo.depend_method -->
    </test> <!-- Default test -->
  </suite> <!-- Default suite -->
</testng-results>
